Determining if the pthread_create exist failed with the following output:
Change Dir: /home/seoulrobotics/sensr_sdk/rco_dio_zone_velocity/CMakeFiles/CMakeTmp

Run Build Command:"/usr/bin/make" "cmTC_f2129/fast"
/usr/bin/make -f CMakeFiles/cmTC_f2129.dir/build.make CMakeFiles/cmTC_f2129.dir/build
make[1]: Entering directory '/home/seoulrobotics/sensr_sdk/rco_dio_zone_velocity/CMakeFiles/CMakeTmp'
Building CXX object CMakeFiles/cmTC_f2129.dir/CheckSymbolExists.cxx.o
/usr/bin/c++     -o CMakeFiles/cmTC_f2129.dir/CheckSymbolExists.cxx.o -c /home/seoulrobotics/sensr_sdk/rco_dio_zone_velocity/CMakeFiles/CMakeTmp/CheckSymbolExists.cxx
Linking CXX executable cmTC_f2129
/usr/bin/cmake -E cmake_link_script CMakeFiles/cmTC_f2129.dir/link.txt --verbose=1
/usr/bin/c++       CMakeFiles/cmTC_f2129.dir/CheckSymbolExists.cxx.o  -o cmTC_f2129 
CMakeFiles/cmTC_f2129.dir/CheckSymbolExists.cxx.o: In function `main':
CheckSymbolExists.cxx:(.text+0x1b): undefined reference to `pthread_create'
collect2: error: ld returned 1 exit status
CMakeFiles/cmTC_f2129.dir/build.make:97: recipe for target 'cmTC_f2129' failed
make[1]: *** [cmTC_f2129] Error 1
make[1]: Leaving directory '/home/seoulrobotics/sensr_sdk/rco_dio_zone_velocity/CMakeFiles/CMakeTmp'
Makefile:126: recipe for target 'cmTC_f2129/fast' failed
make: *** [cmTC_f2129/fast] Error 2

File /home/seoulrobotics/sensr_sdk/rco_dio_zone_velocity/CMakeFiles/CMakeTmp/CheckSymbolExists.cxx:
/* */
#include <pthread.h>

int main(int argc, char** argv)
{
  (void)argv;
#ifndef pthread_create
  return ((int*)(&pthread_create))[argc];
#else
  (void)argc;
  return 0;
#endif
}

Determining if the function pthread_create exists in the pthreads failed with the following output:
Change Dir: /home/seoulrobotics/sensr_sdk/rco_dio_zone_velocity/CMakeFiles/CMakeTmp

Run Build Command:"/usr/bin/make" "cmTC_133a7/fast"
/usr/bin/make -f CMakeFiles/cmTC_133a7.dir/build.make CMakeFiles/cmTC_133a7.dir/build
make[1]: Entering directory '/home/seoulrobotics/sensr_sdk/rco_dio_zone_velocity/CMakeFiles/CMakeTmp'
Building CXX object CMakeFiles/cmTC_133a7.dir/CheckFunctionExists.cxx.o
/usr/bin/c++    -DCHECK_FUNCTION_EXISTS=pthread_create   -o CMakeFiles/cmTC_133a7.dir/CheckFunctionExists.cxx.o -c /home/seoulrobotics/sensr_sdk/rco_dio_zone_velocity/CMakeFiles/CheckLibraryExists/CheckFunctionExists.cxx
Linking CXX executable cmTC_133a7
/usr/bin/cmake -E cmake_link_script CMakeFiles/cmTC_133a7.dir/link.txt --verbose=1
/usr/bin/c++   -DCHECK_FUNCTION_EXISTS=pthread_create    CMakeFiles/cmTC_133a7.dir/CheckFunctionExists.cxx.o  -o cmTC_133a7 -lpthreads 
/usr/bin/ld: cannot find -lpthreads
collect2: error: ld returned 1 exit status
CMakeFiles/cmTC_133a7.dir/build.make:97: recipe for target 'cmTC_133a7' failed
make[1]: *** [cmTC_133a7] Error 1
make[1]: Leaving directory '/home/seoulrobotics/sensr_sdk/rco_dio_zone_velocity/CMakeFiles/CMakeTmp'
Makefile:126: recipe for target 'cmTC_133a7/fast' failed
make: *** [cmTC_133a7/fast] Error 2


